#
# There is insufficient memory for the Java Runtime Environment to continue.
# Native memory allocation (mmap) failed to map 268435456 bytes for Failed to commit area from 0x0000000701000000 to 0x0000000711000000 of length 268435456.
# Possible reasons:
#   The system is out of physical RAM or swap space
#   The process is running with CompressedOops enabled, and the Java Heap may be blocking the growth of the native heap
# Possible solutions:
#   Reduce memory load on the system
#   Increase physical memory or swap space
#   Check if swap backing store is full
#   Decrease Java heap size (-Xmx/-Xms)
#   Decrease number of Java threads
#   Decrease Java thread stack sizes (-Xss)
#   Set larger code cache with -XX:ReservedCodeCacheSize=
# This output file may be truncated or incomplete.
#
#  Out of Memory Error (t:/workspace/open/src/hotspot/os/windows/os_windows.cpp:3301), pid=17320, tid=20748
#
# JRE version:  (13.0.2+8) (build )
# Java VM: Java HotSpot(TM) 64-Bit Server VM (13.0.2+8, mixed mode, aot, sharing, tiered, compressed oops, g1 gc, windows-amd64)
# No core dump will be written. Minidumps are not enabled by default on client versions of Windows
#

---------------  S U M M A R Y ------------

Command Line: -Dfile.encoding=UTF-8 ca.sheridancollege.project.TestGame

Host: AMD Ryzen 5 1600 Six-Core Processor            , 6 cores, 15G,  Windows 10 , 64 bit Build 18362 (10.0.18362.959)
Time: Mon Aug 10 16:24:54 2020 Eastern Daylight Time elapsed time: 0 seconds (0d 0h 0m 0s)

---------------  T H R E A D  ---------------

Current thread (0x000001b144fbf800):  JavaThread "Unknown thread" [_thread_in_vm, id=20748, stack(0x0000001220600000,0x0000001220700000)]

Stack: [0x0000001220600000,0x0000001220700000]
Native frames: (J=compiled Java code, j=interpreted, Vv=VM code, C=native code)
V  [jvm.dll+0x624f9a]
V  [jvm.dll+0x770cfa]
V  [jvm.dll+0x7724af]
V  [jvm.dll+0x772ab3]
V  [jvm.dll+0x24bf08]
V  [jvm.dll+0x6222aa]
V  [jvm.dll+0x6170b5]
V  [jvm.dll+0x30a88c]
V  [jvm.dll+0x30a6c2]
V  [jvm.dll+0x30fe36]
V  [jvm.dll+0x353f46]
V  [jvm.dll+0x353720]
V  [jvm.dll+0x2e550a]
V  [jvm.dll+0x2e67a2]
V  [jvm.dll+0x74dd78]
V  [jvm.dll+0x361989]
V  [jvm.dll+0x730e65]
V  [jvm.dll+0x3cc53f]
V  [jvm.dll+0x3ce861]
C  [jli.dll+0x51ff]
C  [ucrtbase.dll+0x20e82]
C  [KERNEL32.DLL+0x17bd4]
C  [ntdll.dll+0x6ce51]


---------------  P R O C E S S  ---------------

Threads class SMR info:
_java_thread_list=0x00007ffdcf52ccb8, length=0, elements={
}

Java Threads: ( => current thread )

Other Threads:
  0x000001b14502a800 GCTaskThread "GC Thread#0" [stack: 0x0000001220700000,0x0000001220800000] [id=16360]
  0x000001b14504e000 ConcurrentGCThread "G1 Main Marker" [stack: 0x0000001220800000,0x0000001220900000] [id=15700]
  0x000001b145050000 ConcurrentGCThread "G1 Conc#0" [stack: 0x0000001220900000,0x0000001220a00000] [id=12476]

[error occurred during error reporting (printing all threads), id 0xc0000005, EXCEPTION_ACCESS_VIOLATION (0xc0000005) at pc=0x00007ffdced651d7]

VM state:not at safepoint (not fully initialized)

VM Mutex/Monitor currently owned by a thread:  ([mutex/lock_event])
[0x000001b144fbbd00] Heap_lock - owner thread: 0x000001b144fbf800

Heap address: 0x0000000701000000, size: 4080 MB, Compressed Oops mode: Non-zero based: 0x0000000701000000
Narrow klass base: 0x0000000000000000, Narrow klass shift: 0

GC Heap History (0 events):
No events

Deoptimization events (0 events):
No events

Classes unloaded (0 events):
No events

Classes redefined (0 events):
No events

Internal exceptions (0 events):
No events

Events (8 events):
Event: 0.007 Loaded shared library C:\Program Files\Java\jdk-13.0.2\bin\zip.dll
Event: 0.007 Loaded shared library C:\Program Files\Java\jdk-13.0.2\bin\jimage.dll
Event: 0.008 Loading shared library C:\Program Files\Java\jdk-13.0.2\lib\libjava.base-coop.dll failed, error code 126
Event: 0.008 Loading shared library C:\Program Files\Java\jdk-13.0.2\lib\libjava.logging-coop.dll failed, error code 126
Event: 0.008 Loading shared library C:\Program Files\Java\jdk-13.0.2\lib\libjdk.compiler-coop.dll failed, error code 126
Event: 0.008 Loading shared library C:\Program Files\Java\jdk-13.0.2\lib\libjdk.scripting.nashorn-coop.dll failed, error code 126
Event: 0.008 Loading shared library C:\Program Files\Java\jdk-13.0.2\lib\libjdk.internal.vm.ci-coop.dll failed, error code 126
Event: 0.008 Loading shared library C:\Program Files\Java\jdk-13.0.2\lib\libjdk.internal.vm.compiler-coop.dll failed, error code 126


Dynamic libraries:
0x00007ff7bec00000 - 0x00007ff7bec0f000 	C:\Program Files\Java\jdk-13.0.2\bin\java.exe
0x00007ffe32e80000 - 0x00007ffe33070000 	C:\WINDOWS\SYSTEM32\ntdll.dll
0x00007ffe32c70000 - 0x00007ffe32d22000 	C:\WINDOWS\System32\KERNEL32.DLL
0x00007ffe30b30000 - 0x00007ffe30dd4000 	C:\WINDOWS\System32\KERNELBASE.dll
0x00007ffe30a30000 - 0x00007ffe30b2a000 	C:\WINDOWS\System32\ucrtbase.dll
0x00007ffe13100000 - 0x00007ffe13118000 	C:\Program Files\Java\jdk-13.0.2\bin\jli.dll
0x00007ffe13140000 - 0x00007ffe13155000 	C:\Program Files\Java\jdk-13.0.2\bin\VCRUNTIME140.dll
0x00007ffe32870000 - 0x00007ffe32913000 	C:\WINDOWS\System32\ADVAPI32.dll
0x00007ffe32da0000 - 0x00007ffe32e3e000 	C:\WINDOWS\System32\msvcrt.dll
0x00007ffe30f30000 - 0x00007ffe30fc7000 	C:\WINDOWS\System32\sechost.dll
0x00007ffe31e60000 - 0x00007ffe31f80000 	C:\WINDOWS\System32\RPCRT4.dll
0x00007ffe31fa0000 - 0x00007ffe32134000 	C:\WINDOWS\System32\USER32.dll
0x00007ffe2fe00000 - 0x00007ffe2fe21000 	C:\WINDOWS\System32\win32u.dll
0x00007ffe1f4f0000 - 0x00007ffe1f774000 	C:\WINDOWS\WinSxS\amd64_microsoft.windows.common-controls_6595b64144ccf1df_6.0.18362.959_none_e6c7bbbf130c62bb\COMCTL32.dll
0x00007ffe32150000 - 0x00007ffe32176000 	C:\WINDOWS\System32\GDI32.dll
0x00007ffe31710000 - 0x00007ffe31a45000 	C:\WINDOWS\System32\combase.dll
0x00007ffe30890000 - 0x00007ffe30a26000 	C:\WINDOWS\System32\gdi32full.dll
0x00007ffe2fea0000 - 0x00007ffe2ff20000 	C:\WINDOWS\System32\bcryptPrimitives.dll
0x00007ffe307c0000 - 0x00007ffe3085e000 	C:\WINDOWS\System32\msvcp_win.dll
0x00007ffe27c20000 - 0x00007ffe27c2a000 	C:\WINDOWS\SYSTEM32\VERSION.dll
0x00007ffe32920000 - 0x00007ffe3294e000 	C:\WINDOWS\System32\IMM32.DLL
0x00007ffdffa90000 - 0x00007ffdffb2b000 	C:\Program Files\Java\jdk-13.0.2\bin\msvcp140.dll
0x00007ffdcea70000 - 0x00007ffdcf5cd000 	C:\Program Files\Java\jdk-13.0.2\bin\server\jvm.dll
0x00007ffe32950000 - 0x00007ffe32958000 	C:\WINDOWS\System32\PSAPI.DLL
0x00007ffe1e860000 - 0x00007ffe1e869000 	C:\WINDOWS\SYSTEM32\WSOCK32.dll
0x00007ffe2c710000 - 0x00007ffe2c734000 	C:\WINDOWS\SYSTEM32\WINMM.dll
0x00007ffe32d30000 - 0x00007ffe32d9f000 	C:\WINDOWS\System32\WS2_32.dll
0x00007ffe2c6e0000 - 0x00007ffe2c70d000 	C:\WINDOWS\SYSTEM32\WINMMBASE.dll
0x00007ffe2fe30000 - 0x00007ffe2fe7a000 	C:\WINDOWS\System32\cfgmgr32.dll
0x00007ffe2fd40000 - 0x00007ffe2fd51000 	C:\WINDOWS\System32\kernel.appcore.dll
0x00007ffe26450000 - 0x00007ffe26460000 	C:\Program Files\Java\jdk-13.0.2\bin\verify.dll
0x00007ffe2df40000 - 0x00007ffe2e134000 	C:\WINDOWS\SYSTEM32\DBGHELP.DLL
0x00007ffe1a890000 - 0x00007ffe1a8ba000 	C:\WINDOWS\SYSTEM32\dbgcore.DLL
0x00007ffe13080000 - 0x00007ffe130a6000 	C:\Program Files\Java\jdk-13.0.2\bin\java.dll
0x00007ffe13120000 - 0x00007ffe13137000 	C:\Program Files\Java\jdk-13.0.2\bin\zip.dll
0x00007ffe1e140000 - 0x00007ffe1e14a000 	C:\Program Files\Java\jdk-13.0.2\bin\jimage.dll

dbghelp: loaded successfully - version: 4.0.5 - missing functions: none
symbol engine: initialized successfully - sym options: 0x614 - pdb path: .;C:\Program Files\Java\jdk-13.0.2\bin;C:\WINDOWS\SYSTEM32;C:\WINDOWS\WinSxS\amd64_microsoft.windows.common-controls_6595b64144ccf1df_6.0.18362.959_none_e6c7bbbf130c62bb;C:\Program Files\Java\jdk-13.0.2\bin\server

VM Arguments:
jvm_args: -Dfile.encoding=UTF-8 
java_command: ca.sheridancollege.project.TestGame
java_class_path (initial): C:\Users\James\Desktop\Sheridan\PROG24178\syst17796_group9\build\classes
Launcher Type: SUN_STANDARD

[Global flags]
     intx CICompilerCount                          = 3                                         {product} {ergonomic}
     uint ConcGCThreads                            = 2                                         {product} {ergonomic}
     uint G1ConcRefinementThreads                  = 6                                         {product} {ergonomic}
   size_t G1HeapRegionSize                         = 1048576                                   {product} {ergonomic}
    uintx GCDrainStackTargetSize                   = 64                                        {product} {ergonomic}
   size_t InitialHeapSize                          = 268435456                                 {product} {ergonomic}
   size_t MarkStackSize                            = 4194304                                   {product} {ergonomic}
   size_t MaxHeapSize                              = 4278190080                                {product} {ergonomic}
   size_t MinHeapDeltaBytes                        = 1048576                                   {product} {ergonomic}
   size_t MinHeapSize                              = 8388608                                   {product} {ergonomic}
    uintx NonNMethodCodeHeapSize                   = 5832780                                {pd product} {ergonomic}
    uintx NonProfiledCodeHeapSize                  = 122912730                              {pd product} {ergonomic}
    uintx ProfiledCodeHeapSize                     = 122912730                              {pd product} {ergonomic}
    uintx ReservedCodeCacheSize                    = 251658240                              {pd product} {ergonomic}
     bool SegmentedCodeCache                       = true                                      {product} {ergonomic}
   size_t SoftMaxHeapSize                          = 4278190080                             {manageable} {ergonomic}
     bool UseCompressedClassPointers               = true                                 {lp64_product} {ergonomic}
     bool UseCompressedOops                        = true                                 {lp64_product} {ergonomic}
     bool UseG1GC                                  = true                                      {product} {ergonomic}
     bool UseLargePagesIndividualAllocation        = false                                  {pd product} {ergonomic}

Logging:
Log output configuration:
 #0: stdout all=warning uptime,level,tags
 #1: stderr all=off uptime,level,tags

Environment Variables:
JAVA_HOME=C:\Program Files\Java\jdk-13.0.2
PATH=C:\Program Files (x86)\Razer Chroma SDK\bin;C:\Program Files\Razer Chroma SDK\bin;C:\ProgramData\Oracle\Java\javapath;C:\Windows\system32;C:\Windows;C:\Windows\System32\Wbem;C:\Windows\System32\WindowsPowerShell\v1.0\;C:\Program Files (x86)\ATI Technologies\ATI.ACE\Core-Static;C:\Program Files (x86)\NVIDIA Corporation\PhysX\Common;C:\WINDOWS\system32;C:\WINDOWS;C:\WINDOWS\System32\Wbem;C:\WINDOWS\System32\WindowsPowerShell\v1.0\;C:\TDM-GCC-64\bin;C:\Android;C:\WINDOWS\System32\OpenSSH\;C:\WINDOWS\system32\config\systemprofile\AppData\Local\Microsoft\WindowsApps;C:\Program Files\NVIDIA Corporation\NVIDIA NvDLISR;C:\Program Files\Java\jdk-13.0.2\bin;C:\Program Files (x86)\Brackets\command;C:\Users\James\AppData\Local\Programs\Python\Python36-32\Scripts\;C:\Users\James\AppData\Local\Programs\Python\Python36-32\;C:\Users\James\AppData\Local\Microsoft\WindowsApps;
USERNAME=James
OS=Windows_NT
PROCESSOR_IDENTIFIER=AMD64 Family 23 Model 1 Stepping 1, AuthenticAMD



---------------  S Y S T E M  ---------------

OS: Windows 10 , 64 bit Build 18362 (10.0.18362.959)

CPU:total 6 (initial active 6) (6 cores per cpu, 1 threads per core) family 23 model 1 stepping 1, cmov, cx8, fxsr, mmx, sse, sse2, sse3, ssse3, sse4.1, sse4.2, popcnt, avx, avx2, aes, clmul, mmxext, 3dnowpref, lzcnt, sse4a, tsc, tscinvbit, tscinv, bmi1, bmi2, adx, sha, fma

Memory: 4k page, system-wide physical 16316M (7870M free)
TotalPageFile size 46712M (AvailPageFile size 165M)
current process WorkingSet (physical memory assigned to process): 10M, peak: 10M
current process commit charge ("private bytes"): 57M, peak: 313M

vm_info: Java HotSpot(TM) 64-Bit Server VM (13.0.2+8) for windows-amd64 JRE (13.0.2+8), built on Dec 11 2019 09:20:33 by "mach5one" with unknown MS VC++:1916

END.
